<?xml version="1.0" encoding="UTF-8"?>
<testsuite xmlns:xsi="http://www.w3.org/2001/XMLSchema-instance" xsi:noNamespaceSchemaLocation="https://maven.apache.org/surefire/maven-failsafe-plugin/xsd/failsafe-test-report.xsd" name="RunTests" time="207.142" tests="10" errors="3" skipped="0" failures="0">
  <properties>
    <property name="java.specification.version" value="13"/>
    <property name="sun.cpu.isalist" value="amd64"/>
    <property name="sun.jnu.encoding" value="Cp1252"/>
    <property name="java.class.path" value="C:\Users\shefaliy\Desktop\10FedAutomation5\10fed-automation\target\test-classes;C:\Users\shefaliy\Desktop\10FedAutomation5\10fed-automation\target\workorder-web-1.0-SNAPSHOT.jar;C:\Users\shefaliy\.m2\repository\net\serenity-bdd\serenity-core\1.9.7\serenity-core-1.9.7.jar;C:\Users\shefaliy\.m2\repository\com\google\guava\guava\23.6-jre\guava-23.6-jre.jar;C:\Users\shefaliy\.m2\repository\com\google\code\findbugs\jsr305\1.3.9\jsr305-1.3.9.jar;C:\Users\shefaliy\.m2\repository\org\checkerframework\checker-compat-qual\2.0.0\checker-compat-qual-2.0.0.jar;C:\Users\shefaliy\.m2\repository\com\google\errorprone\error_prone_annotations\2.1.3\error_prone_annotations-2.1.3.jar;C:\Users\shefaliy\.m2\repository\com\google\j2objc\j2objc-annotations\1.1\j2objc-annotations-1.1.jar;C:\Users\shefaliy\.m2\repository\org\codehaus\mojo\animal-sniffer-annotations\1.14\animal-sniffer-annotations-1.14.jar;C:\Users\shefaliy\.m2\repository\com\google\inject\guice\4.1.0\guice-4.1.0.jar;C:\Users\shefaliy\.m2\repository\javax\inject\javax.inject\1\javax.inject-1.jar;C:\Users\shefaliy\.m2\repository\aopalliance\aopalliance\1.0\aopalliance-1.0.jar;C:\Users\shefaliy\.m2\repository\cglib\cglib\3.2.5\cglib-3.2.5.jar;C:\Users\shefaliy\.m2\repository\org\apache\ant\ant\1.9.6\ant-1.9.6.jar;C:\Users\shefaliy\.m2\repository\org\apache\ant\ant-launcher\1.9.6\ant-launcher-1.9.6.jar;C:\Users\shefaliy\.m2\repository\org\ow2\asm\asm\5.0.3\asm-5.0.3.jar;C:\Users\shefaliy\.m2\repository\commons-codec\commons-codec\1.10\commons-codec-1.10.jar;C:\Users\shefaliy\.m2\repository\org\objenesis\objenesis\2.6\objenesis-2.6.jar;C:\Users\shefaliy\.m2\repository\org\slf4j\slf4j-api\1.7.21\slf4j-api-1.7.21.jar;C:\Users\shefaliy\.m2\repository\xml-apis\xml-apis\1.4.01\xml-apis-1.4.01.jar;C:\Users\shefaliy\.m2\repository\io\cucumber\cucumber-core\2.3.0\cucumber-core-2.3.0.jar;C:\Users\shefaliy\.m2\repository\info\cukes\cucumber-html\0.2.6\cucumber-html-0.2.6.jar;C:\Users\shefaliy\.m2\repository\io\cucumber\cucumber-jvm-deps\1.0.6\cucumber-jvm-deps-1.0.6.jar;C:\Users\shefaliy\.m2\repository\io\cucumber\gherkin\5.0.0\gherkin-5.0.0.jar;C:\Users\shefaliy\.m2\repository\io\cucumber\tag-expressions\1.1.1\tag-expressions-1.1.1.jar;C:\Users\shefaliy\.m2\repository\commons-logging\commons-logging\1.2\commons-logging-1.2.jar;C:\Users\shefaliy\.m2\repository\org\mockito\mockito-core\1.10.19\mockito-core-1.10.19.jar;C:\Users\shefaliy\.m2\repository\net\bytebuddy\byte-buddy\1.7.9\byte-buddy-1.7.9.jar;C:\Users\shefaliy\.m2\repository\io\vavr\vavr\0.9.0\vavr-0.9.0.jar;C:\Users\shefaliy\.m2\repository\io\vavr\vavr-match\0.9.0\vavr-match-0.9.0.jar;C:\Users\shefaliy\.m2\repository\net\serenity-bdd\serenity-report-resources\1.9.7\serenity-report-resources-1.9.7.jar;C:\Users\shefaliy\.m2\repository\com\google\code\gson\gson\2.8.2\gson-2.8.2.jar;C:\Users\shefaliy\.m2\repository\commons-io\commons-io\2.6\commons-io-2.6.jar;C:\Users\shefaliy\.m2\repository\com\opera\operadriver\1.5\operadriver-1.5.jar;C:\Users\shefaliy\.m2\repository\com\opera\operalaunchers\1.1\operalaunchers-1.1.jar;C:\Users\shefaliy\.m2\repository\com\google\protobuf\protobuf-java\2.4.1\protobuf-java-2.4.1.jar;C:\Users\shefaliy\.m2\repository\commons-jxpath\commons-jxpath\1.3\commons-jxpath-1.3.jar;C:\Users\shefaliy\.m2\repository\org\ini4j\ini4j\0.5.2\ini4j-0.5.2.jar;C:\Users\shefaliy\.m2\repository\org\seleniumhq\selenium\selenium-server\3.10.0\selenium-server-3.10.0.jar;C:\Users\shefaliy\.m2\repository\org\seleniumhq\selenium\selenium-firefox-driver\3.10.0\selenium-firefox-driver-3.10.0.jar;C:\Users\shefaliy\.m2\repository\org\seleniumhq\selenium\selenium-ie-driver\3.10.0\selenium-ie-driver-3.10.0.jar;C:\Users\shefaliy\.m2\repository\org\seleniumhq\selenium\selenium-opera-driver\3.10.0\selenium-opera-driver-3.10.0.jar;C:\Users\shefaliy\.m2\repository\com\beust\jcommander\1.72\jcommander-1.72.jar;C:\Users\shefaliy\.m2\repository\org\apache\commons\commons-exec\1.3\commons-exec-1.3.jar;C:\Users\shefaliy\.m2\repository\org\apache\commons\commons-text\1.1\commons-text-1.1.jar;C:\Users\shefaliy\.m2\repository\commons-net\commons-net\3.6\commons-net-3.6.jar;C:\Users\shefaliy\.m2\repository\org\w3c\css\sac\1.3\sac-1.3.jar;C:\Users\shefaliy\.m2\repository\net\sourceforge\cssparser\cssparser\0.9.24\cssparser-0.9.24.jar;C:\Users\shefaliy\.m2\repository\net\sourceforge\htmlunit\htmlunit-core-js\2.28\htmlunit-core-js-2.28.jar;C:\Users\shefaliy\.m2\repository\net\sourceforge\htmlunit\neko-htmlunit\2.28\neko-htmlunit-2.28.jar;C:\Users\shefaliy\.m2\repository\org\apache\httpcomponents\httpcore\4.4.6\httpcore-4.4.6.jar;C:\Users\shefaliy\.m2\repository\net\jcip\jcip-annotations\1.0\jcip-annotations-1.0.jar;C:\Users\shefaliy\.m2\repository\org\seleniumhq\selenium\jetty-repacked\9.4.7.v20171121\jetty-repacked-9.4.7.v20171121.jar;C:\Users\shefaliy\.m2\repository\org\eclipse\jetty\jetty-client\9.4.7.v20170914\jetty-client-9.4.7.v20170914.jar;C:\Users\shefaliy\.m2\repository\org\eclipse\jetty\jetty-http\9.4.8.v20171121\jetty-http-9.4.8.v20171121.jar;C:\Users\shefaliy\.m2\repository\org\eclipse\jetty\jetty-xml\9.4.7.v20170914\jetty-xml-9.4.7.v20170914.jar;C:\Users\shefaliy\.m2\repository\com\squareup\okhttp3\okhttp\3.9.1\okhttp-3.9.1.jar;C:\Users\shefaliy\.m2\repository\com\squareup\okio\okio\1.13.0\okio-1.13.0.jar;C:\Users\shefaliy\.m2\repository\javax\servlet\javax.servlet-api\3.1.0\javax.servlet-api-3.1.0.jar;C:\Users\shefaliy\.m2\repository\org\eclipse\jetty\websocket\websocket-api\9.4.7.v20170914\websocket-api-9.4.7.v20170914.jar;C:\Users\shefaliy\.m2\repository\org\eclipse\jetty\websocket\websocket-client\9.4.7.v20170914\websocket-client-9.4.7.v20170914.jar;C:\Users\shefaliy\.m2\repository\org\eclipse\jetty\websocket\websocket-common\9.4.7.v20170914\websocket-common-9.4.7.v20170914.jar;C:\Users\shefaliy\.m2\repository\xerces\xercesImpl\2.11.0\xercesImpl-2.11.0.jar;C:\Users\shefaliy\.m2\repository\org\yaml\snakeyaml\1.19\snakeyaml-1.19.jar;C:\Users\shefaliy\.m2\repository\org\seleniumhq\selenium\selenium-java\3.10.0\selenium-java-3.10.0.jar;C:\Users\shefaliy\.m2\repository\org\seleniumhq\selenium\selenium-api\3.10.0\selenium-api-3.10.0.jar;C:\Users\shefaliy\.m2\repository\org\seleniumhq\selenium\selenium-chrome-driver\3.10.0\selenium-chrome-driver-3.10.0.jar;C:\Users\shefaliy\.m2\repository\org\seleniumhq\selenium\selenium-edge-driver\3.10.0\selenium-edge-driver-3.10.0.jar;C:\Users\shefaliy\.m2\repository\org\seleniumhq\selenium\selenium-remote-driver\3.10.0\selenium-remote-driver-3.10.0.jar;C:\Users\shefaliy\.m2\repository\org\seleniumhq\selenium\selenium-safari-driver\3.10.0\selenium-safari-driver-3.10.0.jar;C:\Users\shefaliy\.m2\repository\org\seleniumhq\selenium\selenium-support\3.10.0\selenium-support-3.10.0.jar;C:\Users\shefaliy\.m2\repository\com\paulhammant\ngwebdriver\1.0\ngwebdriver-1.0.jar;C:\Users\shefaliy\.m2\repository\com\codeborne\phantomjsdriver\1.4.3\phantomjsdriver-1.4.3.jar;C:\Users\shefaliy\.m2\repository\org\eclipse\jetty\jetty-util\9.4.8.v20171121\jetty-util-9.4.8.v20171121.jar;C:\Users\shefaliy\.m2\repository\org\eclipse\jetty\jetty-io\9.4.8.v20171121\jetty-io-9.4.8.v20171121.jar;C:\Users\shefaliy\.m2\repository\org\seleniumhq\selenium\htmlunit-driver\2.29.0\htmlunit-driver-2.29.0.jar;C:\Users\shefaliy\.m2\repository\io\appium\java-client\6.0.0-BETA2\java-client-6.0.0-BETA2.jar;C:\Users\shefaliy\.m2\repository\commons-validator\commons-validator\1.6\commons-validator-1.6.jar;C:\Users\shefaliy\.m2\repository\commons-beanutils\commons-beanutils\1.9.2\commons-beanutils-1.9.2.jar;C:\Users\shefaliy\.m2\repository\commons-digester\commons-digester\1.8.1\commons-digester-1.8.1.jar;C:\Users\shefaliy\.m2\repository\org\springframework\spring-context\5.0.2.RELEASE\spring-context-5.0.2.RELEASE.jar;C:\Users\shefaliy\.m2\repository\org\springframework\spring-aop\5.0.2.RELEASE\spring-aop-5.0.2.RELEASE.jar;C:\Users\shefaliy\.m2\repository\org\springframework\spring-beans\5.0.2.RELEASE\spring-beans-5.0.2.RELEASE.jar;C:\Users\shefaliy\.m2\repository\org\springframework\spring-core\5.0.2.RELEASE\spring-core-5.0.2.RELEASE.jar;C:\Users\shefaliy\.m2\repository\org\springframework\spring-jcl\5.0.2.RELEASE\spring-jcl-5.0.2.RELEASE.jar;C:\Users\shefaliy\.m2\repository\org\springframework\spring-expression\5.0.2.RELEASE\spring-expression-5.0.2.RELEASE.jar;C:\Users\shefaliy\.m2\repository\org\aspectj\aspectjweaver\1.8.13\aspectjweaver-1.8.13.jar;C:\Users\shefaliy\.m2\repository\org\openpnp\opencv\3.2.0-1\opencv-3.2.0-1.jar;C:\Users\shefaliy\.m2\repository\org\codehaus\groovy\groovy\2.4.12\groovy-2.4.12.jar;C:\Users\shefaliy\.m2\repository\net\sf\opencsv\opencsv\2.0\opencsv-2.0.jar;C:\Users\shefaliy\.m2\repository\commons-beanutils\commons-beanutils-core\1.8.3\commons-beanutils-core-1.8.3.jar;C:\Users\shefaliy\.m2\repository\joda-time\joda-time\2.7\joda-time-2.7.jar;C:\Users\shefaliy\.m2\repository\com\thoughtworks\xstream\xstream\1.4.9\xstream-1.4.9.jar;C:\Users\shefaliy\.m2\repository\xmlpull\xmlpull\1.1.3.1\xmlpull-1.1.3.1.jar;C:\Users\shefaliy\.m2\repository\xpp3\xpp3_min\1.1.4c\xpp3_min-1.1.4c.jar;C:\Users\shefaliy\.m2\repository\org\apache\commons\commons-lang3\3.7\commons-lang3-3.7.jar;C:\Users\shefaliy\.m2\repository\commons-collections\commons-collections\3.2.2\commons-collections-3.2.2.jar;C:\Users\shefaliy\.m2\repository\org\freemarker\freemarker\2.3.23\freemarker-2.3.23.jar;C:\Users\shefaliy\.m2\repository\net\sourceforge\jexcelapi\jxl\2.6.12\jxl-2.6.12.jar;C:\Users\shefaliy\.m2\repository\org\hamcrest\hamcrest-core\1.3\hamcrest-core-1.3.jar;C:\Users\shefaliy\.m2\repository\org\hamcrest\hamcrest-library\1.3\hamcrest-library-1.3.jar;C:\Users\shefaliy\.m2\repository\net\sourceforge\htmlunit\htmlunit\2.29\htmlunit-2.29.jar;C:\Users\shefaliy\.m2\repository\org\apache\httpcomponents\httpclient\4.5.4\httpclient-4.5.4.jar;C:\Users\shefaliy\.m2\repository\org\apache\httpcomponents\httpmime\4.5.4\httpmime-4.5.4.jar;C:\Users\shefaliy\.m2\repository\org\fluentlenium\fluentlenium-core\0.10.2\fluentlenium-core-0.10.2.jar;C:\Users\shefaliy\.m2\repository\com\jhlabs\filters\2.0.235\filters-2.0.235.jar;C:\Users\shefaliy\.m2\repository\org\asciidoctor\asciidoctorj\1.5.5\asciidoctorj-1.5.5.jar;C:\Users\shefaliy\.m2\repository\org\jruby\jruby-complete\1.7.26\jruby-complete-1.7.26.jar;C:\Users\shefaliy\.m2\repository\org\imgscalr\imgscalr-lib\4.2\imgscalr-lib-4.2.jar;C:\Users\shefaliy\.m2\repository\javax\validation\validation-api\1.1.0.Final\validation-api-1.1.0.Final.jar;C:\Users\shefaliy\.m2\repository\org\hibernate\hibernate-validator\5.1.1.Final\hibernate-validator-5.1.1.Final.jar;C:\Users\shefaliy\.m2\repository\org\jboss\logging\jboss-logging\3.1.3.GA\jboss-logging-3.1.3.GA.jar;C:\Users\shefaliy\.m2\repository\com\fasterxml\classmate\1.0.0\classmate-1.0.0.jar;C:\Users\shefaliy\.m2\repository\javax\el\javax.el-api\2.2.4\javax.el-api-2.2.4.jar;C:\Users\shefaliy\.m2\repository\org\glassfish\web\javax.el\2.2.4\javax.el-2.2.4.jar;C:\Users\shefaliy\.m2\repository\xalan\xalan\2.7.2\xalan-2.7.2.jar;C:\Users\shefaliy\.m2\repository\xalan\serializer\2.7.2\serializer-2.7.2.jar;C:\Users\shefaliy\.m2\repository\org\awaitility\awaitility\3.0.0\awaitility-3.0.0.jar;C:\Users\shefaliy\.m2\repository\org\jsoup\jsoup\1.10.3\jsoup-1.10.3.jar;C:\Users\shefaliy\.m2\repository\com\google\jimfs\jimfs\1.1\jimfs-1.1.jar;C:\Users\shefaliy\.m2\repository\es\nitaur\markdown\txtmark\0.16\txtmark-0.16.jar;C:\Users\shefaliy\.m2\repository\com\vladsch\flexmark\flexmark-all\0.26.4\flexmark-all-0.26.4.jar;C:\Users\shefaliy\.m2\repository\com\vladsch\flexmark\flexmark\0.26.4\flexmark-0.26.4.jar;C:\Users\shefaliy\.m2\repository\com\vladsch\flexmark\flexmark-ext-abbreviation\0.26.4\flexmark-ext-abbreviation-0.26.4.jar;C:\Users\shefaliy\.m2\repository\com\vladsch\flexmark\flexmark-ext-anchorlink\0.26.4\flexmark-ext-anchorlink-0.26.4.jar;C:\Users\shefaliy\.m2\repository\com\vladsch\flexmark\flexmark-ext-aside\0.26.4\flexmark-ext-aside-0.26.4.jar;C:\Users\shefaliy\.m2\repository\com\vladsch\flexmark\flexmark-ext-autolink\0.26.4\flexmark-ext-autolink-0.26.4.jar;C:\Users\shefaliy\.m2\repository\org\nibor\autolink\autolink\0.6.0\autolink-0.6.0.jar;C:\Users\shefaliy\.m2\repository\com\vladsch\flexmark\flexmark-ext-definition\0.26.4\flexmark-ext-definition-0.26.4.jar;C:\Users\shefaliy\.m2\repository\com\vladsch\flexmark\flexmark-ext-emoji\0.26.4\flexmark-ext-emoji-0.26.4.jar;C:\Users\shefaliy\.m2\repository\com\vladsch\flexmark\flexmark-ext-escaped-character\0.26.4\flexmark-ext-escaped-character-0.26.4.jar;C:\Users\shefaliy\.m2\repository\com\vladsch\flexmark\flexmark-ext-footnotes\0.26.4\flexmark-ext-footnotes-0.26.4.jar;C:\Users\shefaliy\.m2\repository\com\vladsch\flexmark\flexmark-ext-gfm-issues\0.26.4\flexmark-ext-gfm-issues-0.26.4.jar;C:\Users\shefaliy\.m2\repository\com\vladsch\flexmark\flexmark-ext-gfm-strikethrough\0.26.4\flexmark-ext-gfm-strikethrough-0.26.4.jar;C:\Users\shefaliy\.m2\repository\com\vladsch\flexmark\flexmark-ext-gfm-tables\0.26.4\flexmark-ext-gfm-tables-0.26.4.jar;C:\Users\shefaliy\.m2\repository\com\vladsch\flexmark\flexmark-ext-gfm-tasklist\0.26.4\flexmark-ext-gfm-tasklist-0.26.4.jar;C:\Users\shefaliy\.m2\repository\com\vladsch\flexmark\flexmark-ext-gfm-users\0.26.4\flexmark-ext-gfm-users-0.26.4.jar;C:\Users\shefaliy\.m2\repository\com\vladsch\flexmark\flexmark-ext-jekyll-front-matter\0.26.4\flexmark-ext-jekyll-front-matter-0.26.4.jar;C:\Users\shefaliy\.m2\repository\com\vladsch\flexmark\flexmark-ext-jekyll-tag\0.26.4\flexmark-ext-jekyll-tag-0.26.4.jar;C:\Users\shefaliy\.m2\repository\com\vladsch\flexmark\flexmark-ext-ins\0.26.4\flexmark-ext-ins-0.26.4.jar;C:\Users\shefaliy\.m2\repository\com\vladsch\flexmark\flexmark-ext-xwiki-macros\0.26.4\flexmark-ext-xwiki-macros-0.26.4.jar;C:\Users\shefaliy\.m2\repository\com\vladsch\flexmark\flexmark-ext-superscript\0.26.4\flexmark-ext-superscript-0.26.4.jar;C:\Users\shefaliy\.m2\repository\com\vladsch\flexmark\flexmark-ext-tables\0.26.4\flexmark-ext-tables-0.26.4.jar;C:\Users\shefaliy\.m2\repository\com\vladsch\flexmark\flexmark-ext-toc\0.26.4\flexmark-ext-toc-0.26.4.jar;C:\Users\shefaliy\.m2\repository\com\vladsch\flexmark\flexmark-ext-typographic\0.26.4\flexmark-ext-typographic-0.26.4.jar;C:\Users\shefaliy\.m2\repository\com\vladsch\flexmark\flexmark-ext-wikilink\0.26.4\flexmark-ext-wikilink-0.26.4.jar;C:\Users\shefaliy\.m2\repository\com\vladsch\flexmark\flexmark-ext-yaml-front-matter\0.26.4\flexmark-ext-yaml-front-matter-0.26.4.jar;C:\Users\shefaliy\.m2\repository\com\vladsch\flexmark\flexmark-formatter\0.26.4\flexmark-formatter-0.26.4.jar;C:\Users\shefaliy\.m2\repository\com\vladsch\flexmark\flexmark-html-parser\0.26.4\flexmark-html-parser-0.26.4.jar;C:\Users\shefaliy\.m2\repository\com\vladsch\flexmark\flexmark-jira-converter\0.26.4\flexmark-jira-converter-0.26.4.jar;C:\Users\shefaliy\.m2\repository\com\vladsch\flexmark\flexmark-pdf-converter\0.26.4\flexmark-pdf-converter-0.26.4.jar;C:\Users\shefaliy\.m2\repository\com\openhtmltopdf\openhtmltopdf-core\0.0.1-RC9\openhtmltopdf-core-0.0.1-RC9.jar;C:\Users\shefaliy\.m2\repository\com\openhtmltopdf\openhtmltopdf-pdfbox\0.0.1-RC9\openhtmltopdf-pdfbox-0.0.1-RC9.jar;C:\Users\shefaliy\.m2\repository\org\apache\pdfbox\pdfbox\2.0.4\pdfbox-2.0.4.jar;C:\Users\shefaliy\.m2\repository\org\apache\pdfbox\fontbox\2.0.4\fontbox-2.0.4.jar;C:\Users\shefaliy\.m2\repository\com\openhtmltopdf\openhtmltopdf-rtl-support\0.0.1-RC9\openhtmltopdf-rtl-support-0.0.1-RC9.jar;C:\Users\shefaliy\.m2\repository\com\ibm\icu\icu4j\58.1\icu4j-58.1.jar;C:\Users\shefaliy\.m2\repository\com\openhtmltopdf\openhtmltopdf-jsoup-dom-converter\0.0.1-RC9\openhtmltopdf-jsoup-dom-converter-0.0.1-RC9.jar;C:\Users\shefaliy\.m2\repository\com\vladsch\flexmark\flexmark-profile-pegdown\0.26.4\flexmark-profile-pegdown-0.26.4.jar;C:\Users\shefaliy\.m2\repository\com\vladsch\flexmark\flexmark-util\0.26.4\flexmark-util-0.26.4.jar;C:\Users\shefaliy\.m2\repository\com\vladsch\flexmark\flexmark-youtrack-converter\0.26.4\flexmark-youtrack-converter-0.26.4.jar;C:\Users\shefaliy\.m2\repository\net\serenity-bdd\serenity-junit\1.9.7\serenity-junit-1.9.7.jar;C:\Users\shefaliy\.m2\repository\net\serenity-bdd\serenity-cucumber\1.9.4\serenity-cucumber-1.9.4.jar;C:\Users\shefaliy\.m2\repository\net\serenity-bdd\serenity-screenplay\1.9.4\serenity-screenplay-1.9.4.jar;C:\Users\shefaliy\.m2\repository\net\serenity-bdd\serenity-screenplay-webdriver\1.9.4\serenity-screenplay-webdriver-1.9.4.jar;C:\Users\shefaliy\.m2\repository\io\cucumber\cucumber-java\2.3.1\cucumber-java-2.3.1.jar;C:\Users\shefaliy\.m2\repository\io\cucumber\cucumber-junit\2.3.1\cucumber-junit-2.3.1.jar;C:\Users\shefaliy\.m2\repository\net\serenity-bdd\serenity-rest-assured\1.9.7\serenity-rest-assured-1.9.7.jar;C:\Users\shefaliy\.m2\repository\io\rest-assured\rest-assured\3.0.5\rest-assured-3.0.5.jar;C:\Users\shefaliy\.m2\repository\io\rest-assured\json-path\3.0.5\json-path-3.0.5.jar;C:\Users\shefaliy\.m2\repository\io\rest-assured\rest-assured-common\3.0.5\rest-assured-common-3.0.5.jar;C:\Users\shefaliy\.m2\repository\io\rest-assured\xml-path\3.0.5\xml-path-3.0.5.jar;C:\Users\shefaliy\.m2\repository\org\slf4j\slf4j-simple\1.7.25\slf4j-simple-1.7.25.jar;C:\Users\shefaliy\.m2\repository\junit\junit\4.12\junit-4.12.jar;C:\Users\shefaliy\.m2\repository\org\assertj\assertj-core\3.8.0\assertj-core-3.8.0.jar;C:\Users\shefaliy\.m2\repository\com\typesafe\config\1.3.3\config-1.3.3.jar;C:\Users\shefaliy\.m2\repository\javax\xml\bind\jaxb-api\2.3.0\jaxb-api-2.3.0.jar;C:\Users\shefaliy\.m2\repository\commons-configuration\commons-configuration\1.10\commons-configuration-1.10.jar;C:\Users\shefaliy\.m2\repository\commons-lang\commons-lang\2.6\commons-lang-2.6.jar;C:\Users\shefaliy\.m2\repository\com\jayway\restassured\rest-assured\2.9.0\rest-assured-2.9.0.jar;C:\Users\shefaliy\.m2\repository\org\codehaus\groovy\groovy-xml\2.4.4\groovy-xml-2.4.4.jar;C:\Users\shefaliy\.m2\repository\org\ccil\cowan\tagsoup\tagsoup\1.2.1\tagsoup-1.2.1.jar;C:\Users\shefaliy\.m2\repository\com\jayway\restassured\json-path\2.9.0\json-path-2.9.0.jar;C:\Users\shefaliy\.m2\repository\org\codehaus\groovy\groovy-json\2.4.4\groovy-json-2.4.4.jar;C:\Users\shefaliy\.m2\repository\com\jayway\restassured\rest-assured-common\2.9.0\rest-assured-common-2.9.0.jar;C:\Users\shefaliy\.m2\repository\com\jayway\restassured\xml-path\2.9.0\xml-path-2.9.0.jar;C:\Users\shefaliy\.m2\repository\jakarta\xml\bind\jakarta.xml.bind-api\2.3.2\jakarta.xml.bind-api-2.3.2.jar;C:\Users\shefaliy\.m2\repository\jakarta\activation\jakarta.activation-api\1.2.1\jakarta.activation-api-1.2.1.jar;"/>
    <property name="java.vm.vendor" value="Oracle Corporation"/>
    <property name="sun.arch.data.model" value="64"/>
    <property name="user.variant" value=""/>
    <property name="java.vendor.url" value="https://java.oracle.com/"/>
    <property name="os.name" value="Windows 10"/>
    <property name="java.vm.specification.version" value="13"/>
    <property name="sun.java.launcher" value="SUN_STANDARD"/>
    <property name="user.country" value="IN"/>
    <property name="sun.boot.library.path" value="C:\Program Files\Java\jdk-13.0.2\bin"/>
    <property name="sun.java.command" value="C:\Users\shefaliy\AppData\Local\Temp\surefire14144607009142442956\surefirebooter5428713269892365734.jar C:\Users\shefaliy\AppData\Local\Temp\surefire14144607009142442956 2020-05-21T13-38-27_754-jvmRun1 surefire17904768690844939907tmp surefire_015807707616554171883tmp"/>
    <property name="jdk.debug" value="release"/>
    <property name="surefire.test.class.path" value="C:\Users\shefaliy\Desktop\10FedAutomation5\10fed-automation\target\test-classes;C:\Users\shefaliy\Desktop\10FedAutomation5\10fed-automation\target\workorder-web-1.0-SNAPSHOT.jar;C:\Users\shefaliy\.m2\repository\net\serenity-bdd\serenity-core\1.9.7\serenity-core-1.9.7.jar;C:\Users\shefaliy\.m2\repository\com\google\guava\guava\23.6-jre\guava-23.6-jre.jar;C:\Users\shefaliy\.m2\repository\com\google\code\findbugs\jsr305\1.3.9\jsr305-1.3.9.jar;C:\Users\shefaliy\.m2\repository\org\checkerframework\checker-compat-qual\2.0.0\checker-compat-qual-2.0.0.jar;C:\Users\shefaliy\.m2\repository\com\google\errorprone\error_prone_annotations\2.1.3\error_prone_annotations-2.1.3.jar;C:\Users\shefaliy\.m2\repository\com\google\j2objc\j2objc-annotations\1.1\j2objc-annotations-1.1.jar;C:\Users\shefaliy\.m2\repository\org\codehaus\mojo\animal-sniffer-annotations\1.14\animal-sniffer-annotations-1.14.jar;C:\Users\shefaliy\.m2\repository\com\google\inject\guice\4.1.0\guice-4.1.0.jar;C:\Users\shefaliy\.m2\repository\javax\inject\javax.inject\1\javax.inject-1.jar;C:\Users\shefaliy\.m2\repository\aopalliance\aopalliance\1.0\aopalliance-1.0.jar;C:\Users\shefaliy\.m2\repository\cglib\cglib\3.2.5\cglib-3.2.5.jar;C:\Users\shefaliy\.m2\repository\org\apache\ant\ant\1.9.6\ant-1.9.6.jar;C:\Users\shefaliy\.m2\repository\org\apache\ant\ant-launcher\1.9.6\ant-launcher-1.9.6.jar;C:\Users\shefaliy\.m2\repository\org\ow2\asm\asm\5.0.3\asm-5.0.3.jar;C:\Users\shefaliy\.m2\repository\commons-codec\commons-codec\1.10\commons-codec-1.10.jar;C:\Users\shefaliy\.m2\repository\org\objenesis\objenesis\2.6\objenesis-2.6.jar;C:\Users\shefaliy\.m2\repository\org\slf4j\slf4j-api\1.7.21\slf4j-api-1.7.21.jar;C:\Users\shefaliy\.m2\repository\xml-apis\xml-apis\1.4.01\xml-apis-1.4.01.jar;C:\Users\shefaliy\.m2\repository\io\cucumber\cucumber-core\2.3.0\cucumber-core-2.3.0.jar;C:\Users\shefaliy\.m2\repository\info\cukes\cucumber-html\0.2.6\cucumber-html-0.2.6.jar;C:\Users\shefaliy\.m2\repository\io\cucumber\cucumber-jvm-deps\1.0.6\cucumber-jvm-deps-1.0.6.jar;C:\Users\shefaliy\.m2\repository\io\cucumber\gherkin\5.0.0\gherkin-5.0.0.jar;C:\Users\shefaliy\.m2\repository\io\cucumber\tag-expressions\1.1.1\tag-expressions-1.1.1.jar;C:\Users\shefaliy\.m2\repository\commons-logging\commons-logging\1.2\commons-logging-1.2.jar;C:\Users\shefaliy\.m2\repository\org\mockito\mockito-core\1.10.19\mockito-core-1.10.19.jar;C:\Users\shefaliy\.m2\repository\net\bytebuddy\byte-buddy\1.7.9\byte-buddy-1.7.9.jar;C:\Users\shefaliy\.m2\repository\io\vavr\vavr\0.9.0\vavr-0.9.0.jar;C:\Users\shefaliy\.m2\repository\io\vavr\vavr-match\0.9.0\vavr-match-0.9.0.jar;C:\Users\shefaliy\.m2\repository\net\serenity-bdd\serenity-report-resources\1.9.7\serenity-report-resources-1.9.7.jar;C:\Users\shefaliy\.m2\repository\com\google\code\gson\gson\2.8.2\gson-2.8.2.jar;C:\Users\shefaliy\.m2\repository\commons-io\commons-io\2.6\commons-io-2.6.jar;C:\Users\shefaliy\.m2\repository\com\opera\operadriver\1.5\operadriver-1.5.jar;C:\Users\shefaliy\.m2\repository\com\opera\operalaunchers\1.1\operalaunchers-1.1.jar;C:\Users\shefaliy\.m2\repository\com\google\protobuf\protobuf-java\2.4.1\protobuf-java-2.4.1.jar;C:\Users\shefaliy\.m2\repository\commons-jxpath\commons-jxpath\1.3\commons-jxpath-1.3.jar;C:\Users\shefaliy\.m2\repository\org\ini4j\ini4j\0.5.2\ini4j-0.5.2.jar;C:\Users\shefaliy\.m2\repository\org\seleniumhq\selenium\selenium-server\3.10.0\selenium-server-3.10.0.jar;C:\Users\shefaliy\.m2\repository\org\seleniumhq\selenium\selenium-firefox-driver\3.10.0\selenium-firefox-driver-3.10.0.jar;C:\Users\shefaliy\.m2\repository\org\seleniumhq\selenium\selenium-ie-driver\3.10.0\selenium-ie-driver-3.10.0.jar;C:\Users\shefaliy\.m2\repository\org\seleniumhq\selenium\selenium-opera-driver\3.10.0\selenium-opera-driver-3.10.0.jar;C:\Users\shefaliy\.m2\repository\com\beust\jcommander\1.72\jcommander-1.72.jar;C:\Users\shefaliy\.m2\repository\org\apache\commons\commons-exec\1.3\commons-exec-1.3.jar;C:\Users\shefaliy\.m2\repository\org\apache\commons\commons-text\1.1\commons-text-1.1.jar;C:\Users\shefaliy\.m2\repository\commons-net\commons-net\3.6\commons-net-3.6.jar;C:\Users\shefaliy\.m2\repository\org\w3c\css\sac\1.3\sac-1.3.jar;C:\Users\shefaliy\.m2\repository\net\sourceforge\cssparser\cssparser\0.9.24\cssparser-0.9.24.jar;C:\Users\shefaliy\.m2\repository\net\sourceforge\htmlunit\htmlunit-core-js\2.28\htmlunit-core-js-2.28.jar;C:\Users\shefaliy\.m2\repository\net\sourceforge\htmlunit\neko-htmlunit\2.28\neko-htmlunit-2.28.jar;C:\Users\shefaliy\.m2\repository\org\apache\httpcomponents\httpcore\4.4.6\httpcore-4.4.6.jar;C:\Users\shefaliy\.m2\repository\net\jcip\jcip-annotations\1.0\jcip-annotations-1.0.jar;C:\Users\shefaliy\.m2\repository\org\seleniumhq\selenium\jetty-repacked\9.4.7.v20171121\jetty-repacked-9.4.7.v20171121.jar;C:\Users\shefaliy\.m2\repository\org\eclipse\jetty\jetty-client\9.4.7.v20170914\jetty-client-9.4.7.v20170914.jar;C:\Users\shefaliy\.m2\repository\org\eclipse\jetty\jetty-http\9.4.8.v20171121\jetty-http-9.4.8.v20171121.jar;C:\Users\shefaliy\.m2\repository\org\eclipse\jetty\jetty-xml\9.4.7.v20170914\jetty-xml-9.4.7.v20170914.jar;C:\Users\shefaliy\.m2\repository\com\squareup\okhttp3\okhttp\3.9.1\okhttp-3.9.1.jar;C:\Users\shefaliy\.m2\repository\com\squareup\okio\okio\1.13.0\okio-1.13.0.jar;C:\Users\shefaliy\.m2\repository\javax\servlet\javax.servlet-api\3.1.0\javax.servlet-api-3.1.0.jar;C:\Users\shefaliy\.m2\repository\org\eclipse\jetty\websocket\websocket-api\9.4.7.v20170914\websocket-api-9.4.7.v20170914.jar;C:\Users\shefaliy\.m2\repository\org\eclipse\jetty\websocket\websocket-client\9.4.7.v20170914\websocket-client-9.4.7.v20170914.jar;C:\Users\shefaliy\.m2\repository\org\eclipse\jetty\websocket\websocket-common\9.4.7.v20170914\websocket-common-9.4.7.v20170914.jar;C:\Users\shefaliy\.m2\repository\xerces\xercesImpl\2.11.0\xercesImpl-2.11.0.jar;C:\Users\shefaliy\.m2\repository\org\yaml\snakeyaml\1.19\snakeyaml-1.19.jar;C:\Users\shefaliy\.m2\repository\org\seleniumhq\selenium\selenium-java\3.10.0\selenium-java-3.10.0.jar;C:\Users\shefaliy\.m2\repository\org\seleniumhq\selenium\selenium-api\3.10.0\selenium-api-3.10.0.jar;C:\Users\shefaliy\.m2\repository\org\seleniumhq\selenium\selenium-chrome-driver\3.10.0\selenium-chrome-driver-3.10.0.jar;C:\Users\shefaliy\.m2\repository\org\seleniumhq\selenium\selenium-edge-driver\3.10.0\selenium-edge-driver-3.10.0.jar;C:\Users\shefaliy\.m2\repository\org\seleniumhq\selenium\selenium-remote-driver\3.10.0\selenium-remote-driver-3.10.0.jar;C:\Users\shefaliy\.m2\repository\org\seleniumhq\selenium\selenium-safari-driver\3.10.0\selenium-safari-driver-3.10.0.jar;C:\Users\shefaliy\.m2\repository\org\seleniumhq\selenium\selenium-support\3.10.0\selenium-support-3.10.0.jar;C:\Users\shefaliy\.m2\repository\com\paulhammant\ngwebdriver\1.0\ngwebdriver-1.0.jar;C:\Users\shefaliy\.m2\repository\com\codeborne\phantomjsdriver\1.4.3\phantomjsdriver-1.4.3.jar;C:\Users\shefaliy\.m2\repository\org\eclipse\jetty\jetty-util\9.4.8.v20171121\jetty-util-9.4.8.v20171121.jar;C:\Users\shefaliy\.m2\repository\org\eclipse\jetty\jetty-io\9.4.8.v20171121\jetty-io-9.4.8.v20171121.jar;C:\Users\shefaliy\.m2\repository\org\seleniumhq\selenium\htmlunit-driver\2.29.0\htmlunit-driver-2.29.0.jar;C:\Users\shefaliy\.m2\repository\io\appium\java-client\6.0.0-BETA2\java-client-6.0.0-BETA2.jar;C:\Users\shefaliy\.m2\repository\commons-validator\commons-validator\1.6\commons-validator-1.6.jar;C:\Users\shefaliy\.m2\repository\commons-beanutils\commons-beanutils\1.9.2\commons-beanutils-1.9.2.jar;C:\Users\shefaliy\.m2\repository\commons-digester\commons-digester\1.8.1\commons-digester-1.8.1.jar;C:\Users\shefaliy\.m2\repository\org\springframework\spring-context\5.0.2.RELEASE\spring-context-5.0.2.RELEASE.jar;C:\Users\shefaliy\.m2\repository\org\springframework\spring-aop\5.0.2.RELEASE\spring-aop-5.0.2.RELEASE.jar;C:\Users\shefaliy\.m2\repository\org\springframework\spring-beans\5.0.2.RELEASE\spring-beans-5.0.2.RELEASE.jar;C:\Users\shefaliy\.m2\repository\org\springframework\spring-core\5.0.2.RELEASE\spring-core-5.0.2.RELEASE.jar;C:\Users\shefaliy\.m2\repository\org\springframework\spring-jcl\5.0.2.RELEASE\spring-jcl-5.0.2.RELEASE.jar;C:\Users\shefaliy\.m2\repository\org\springframework\spring-expression\5.0.2.RELEASE\spring-expression-5.0.2.RELEASE.jar;C:\Users\shefaliy\.m2\repository\org\aspectj\aspectjweaver\1.8.13\aspectjweaver-1.8.13.jar;C:\Users\shefaliy\.m2\repository\org\openpnp\opencv\3.2.0-1\opencv-3.2.0-1.jar;C:\Users\shefaliy\.m2\repository\org\codehaus\groovy\groovy\2.4.12\groovy-2.4.12.jar;C:\Users\shefaliy\.m2\repository\net\sf\opencsv\opencsv\2.0\opencsv-2.0.jar;C:\Users\shefaliy\.m2\repository\commons-beanutils\commons-beanutils-core\1.8.3\commons-beanutils-core-1.8.3.jar;C:\Users\shefaliy\.m2\repository\joda-time\joda-time\2.7\joda-time-2.7.jar;C:\Users\shefaliy\.m2\repository\com\thoughtworks\xstream\xstream\1.4.9\xstream-1.4.9.jar;C:\Users\shefaliy\.m2\repository\xmlpull\xmlpull\1.1.3.1\xmlpull-1.1.3.1.jar;C:\Users\shefaliy\.m2\repository\xpp3\xpp3_min\1.1.4c\xpp3_min-1.1.4c.jar;C:\Users\shefaliy\.m2\repository\org\apache\commons\commons-lang3\3.7\commons-lang3-3.7.jar;C:\Users\shefaliy\.m2\repository\commons-collections\commons-collections\3.2.2\commons-collections-3.2.2.jar;C:\Users\shefaliy\.m2\repository\org\freemarker\freemarker\2.3.23\freemarker-2.3.23.jar;C:\Users\shefaliy\.m2\repository\net\sourceforge\jexcelapi\jxl\2.6.12\jxl-2.6.12.jar;C:\Users\shefaliy\.m2\repository\org\hamcrest\hamcrest-core\1.3\hamcrest-core-1.3.jar;C:\Users\shefaliy\.m2\repository\org\hamcrest\hamcrest-library\1.3\hamcrest-library-1.3.jar;C:\Users\shefaliy\.m2\repository\net\sourceforge\htmlunit\htmlunit\2.29\htmlunit-2.29.jar;C:\Users\shefaliy\.m2\repository\org\apache\httpcomponents\httpclient\4.5.4\httpclient-4.5.4.jar;C:\Users\shefaliy\.m2\repository\org\apache\httpcomponents\httpmime\4.5.4\httpmime-4.5.4.jar;C:\Users\shefaliy\.m2\repository\org\fluentlenium\fluentlenium-core\0.10.2\fluentlenium-core-0.10.2.jar;C:\Users\shefaliy\.m2\repository\com\jhlabs\filters\2.0.235\filters-2.0.235.jar;C:\Users\shefaliy\.m2\repository\org\asciidoctor\asciidoctorj\1.5.5\asciidoctorj-1.5.5.jar;C:\Users\shefaliy\.m2\repository\org\jruby\jruby-complete\1.7.26\jruby-complete-1.7.26.jar;C:\Users\shefaliy\.m2\repository\org\imgscalr\imgscalr-lib\4.2\imgscalr-lib-4.2.jar;C:\Users\shefaliy\.m2\repository\javax\validation\validation-api\1.1.0.Final\validation-api-1.1.0.Final.jar;C:\Users\shefaliy\.m2\repository\org\hibernate\hibernate-validator\5.1.1.Final\hibernate-validator-5.1.1.Final.jar;C:\Users\shefaliy\.m2\repository\org\jboss\logging\jboss-logging\3.1.3.GA\jboss-logging-3.1.3.GA.jar;C:\Users\shefaliy\.m2\repository\com\fasterxml\classmate\1.0.0\classmate-1.0.0.jar;C:\Users\shefaliy\.m2\repository\javax\el\javax.el-api\2.2.4\javax.el-api-2.2.4.jar;C:\Users\shefaliy\.m2\repository\org\glassfish\web\javax.el\2.2.4\javax.el-2.2.4.jar;C:\Users\shefaliy\.m2\repository\xalan\xalan\2.7.2\xalan-2.7.2.jar;C:\Users\shefaliy\.m2\repository\xalan\serializer\2.7.2\serializer-2.7.2.jar;C:\Users\shefaliy\.m2\repository\org\awaitility\awaitility\3.0.0\awaitility-3.0.0.jar;C:\Users\shefaliy\.m2\repository\org\jsoup\jsoup\1.10.3\jsoup-1.10.3.jar;C:\Users\shefaliy\.m2\repository\com\google\jimfs\jimfs\1.1\jimfs-1.1.jar;C:\Users\shefaliy\.m2\repository\es\nitaur\markdown\txtmark\0.16\txtmark-0.16.jar;C:\Users\shefaliy\.m2\repository\com\vladsch\flexmark\flexmark-all\0.26.4\flexmark-all-0.26.4.jar;C:\Users\shefaliy\.m2\repository\com\vladsch\flexmark\flexmark\0.26.4\flexmark-0.26.4.jar;C:\Users\shefaliy\.m2\repository\com\vladsch\flexmark\flexmark-ext-abbreviation\0.26.4\flexmark-ext-abbreviation-0.26.4.jar;C:\Users\shefaliy\.m2\repository\com\vladsch\flexmark\flexmark-ext-anchorlink\0.26.4\flexmark-ext-anchorlink-0.26.4.jar;C:\Users\shefaliy\.m2\repository\com\vladsch\flexmark\flexmark-ext-aside\0.26.4\flexmark-ext-aside-0.26.4.jar;C:\Users\shefaliy\.m2\repository\com\vladsch\flexmark\flexmark-ext-autolink\0.26.4\flexmark-ext-autolink-0.26.4.jar;C:\Users\shefaliy\.m2\repository\org\nibor\autolink\autolink\0.6.0\autolink-0.6.0.jar;C:\Users\shefaliy\.m2\repository\com\vladsch\flexmark\flexmark-ext-definition\0.26.4\flexmark-ext-definition-0.26.4.jar;C:\Users\shefaliy\.m2\repository\com\vladsch\flexmark\flexmark-ext-emoji\0.26.4\flexmark-ext-emoji-0.26.4.jar;C:\Users\shefaliy\.m2\repository\com\vladsch\flexmark\flexmark-ext-escaped-character\0.26.4\flexmark-ext-escaped-character-0.26.4.jar;C:\Users\shefaliy\.m2\repository\com\vladsch\flexmark\flexmark-ext-footnotes\0.26.4\flexmark-ext-footnotes-0.26.4.jar;C:\Users\shefaliy\.m2\repository\com\vladsch\flexmark\flexmark-ext-gfm-issues\0.26.4\flexmark-ext-gfm-issues-0.26.4.jar;C:\Users\shefaliy\.m2\repository\com\vladsch\flexmark\flexmark-ext-gfm-strikethrough\0.26.4\flexmark-ext-gfm-strikethrough-0.26.4.jar;C:\Users\shefaliy\.m2\repository\com\vladsch\flexmark\flexmark-ext-gfm-tables\0.26.4\flexmark-ext-gfm-tables-0.26.4.jar;C:\Users\shefaliy\.m2\repository\com\vladsch\flexmark\flexmark-ext-gfm-tasklist\0.26.4\flexmark-ext-gfm-tasklist-0.26.4.jar;C:\Users\shefaliy\.m2\repository\com\vladsch\flexmark\flexmark-ext-gfm-users\0.26.4\flexmark-ext-gfm-users-0.26.4.jar;C:\Users\shefaliy\.m2\repository\com\vladsch\flexmark\flexmark-ext-jekyll-front-matter\0.26.4\flexmark-ext-jekyll-front-matter-0.26.4.jar;C:\Users\shefaliy\.m2\repository\com\vladsch\flexmark\flexmark-ext-jekyll-tag\0.26.4\flexmark-ext-jekyll-tag-0.26.4.jar;C:\Users\shefaliy\.m2\repository\com\vladsch\flexmark\flexmark-ext-ins\0.26.4\flexmark-ext-ins-0.26.4.jar;C:\Users\shefaliy\.m2\repository\com\vladsch\flexmark\flexmark-ext-xwiki-macros\0.26.4\flexmark-ext-xwiki-macros-0.26.4.jar;C:\Users\shefaliy\.m2\repository\com\vladsch\flexmark\flexmark-ext-superscript\0.26.4\flexmark-ext-superscript-0.26.4.jar;C:\Users\shefaliy\.m2\repository\com\vladsch\flexmark\flexmark-ext-tables\0.26.4\flexmark-ext-tables-0.26.4.jar;C:\Users\shefaliy\.m2\repository\com\vladsch\flexmark\flexmark-ext-toc\0.26.4\flexmark-ext-toc-0.26.4.jar;C:\Users\shefaliy\.m2\repository\com\vladsch\flexmark\flexmark-ext-typographic\0.26.4\flexmark-ext-typographic-0.26.4.jar;C:\Users\shefaliy\.m2\repository\com\vladsch\flexmark\flexmark-ext-wikilink\0.26.4\flexmark-ext-wikilink-0.26.4.jar;C:\Users\shefaliy\.m2\repository\com\vladsch\flexmark\flexmark-ext-yaml-front-matter\0.26.4\flexmark-ext-yaml-front-matter-0.26.4.jar;C:\Users\shefaliy\.m2\repository\com\vladsch\flexmark\flexmark-formatter\0.26.4\flexmark-formatter-0.26.4.jar;C:\Users\shefaliy\.m2\repository\com\vladsch\flexmark\flexmark-html-parser\0.26.4\flexmark-html-parser-0.26.4.jar;C:\Users\shefaliy\.m2\repository\com\vladsch\flexmark\flexmark-jira-converter\0.26.4\flexmark-jira-converter-0.26.4.jar;C:\Users\shefaliy\.m2\repository\com\vladsch\flexmark\flexmark-pdf-converter\0.26.4\flexmark-pdf-converter-0.26.4.jar;C:\Users\shefaliy\.m2\repository\com\openhtmltopdf\openhtmltopdf-core\0.0.1-RC9\openhtmltopdf-core-0.0.1-RC9.jar;C:\Users\shefaliy\.m2\repository\com\openhtmltopdf\openhtmltopdf-pdfbox\0.0.1-RC9\openhtmltopdf-pdfbox-0.0.1-RC9.jar;C:\Users\shefaliy\.m2\repository\org\apache\pdfbox\pdfbox\2.0.4\pdfbox-2.0.4.jar;C:\Users\shefaliy\.m2\repository\org\apache\pdfbox\fontbox\2.0.4\fontbox-2.0.4.jar;C:\Users\shefaliy\.m2\repository\com\openhtmltopdf\openhtmltopdf-rtl-support\0.0.1-RC9\openhtmltopdf-rtl-support-0.0.1-RC9.jar;C:\Users\shefaliy\.m2\repository\com\ibm\icu\icu4j\58.1\icu4j-58.1.jar;C:\Users\shefaliy\.m2\repository\com\openhtmltopdf\openhtmltopdf-jsoup-dom-converter\0.0.1-RC9\openhtmltopdf-jsoup-dom-converter-0.0.1-RC9.jar;C:\Users\shefaliy\.m2\repository\com\vladsch\flexmark\flexmark-profile-pegdown\0.26.4\flexmark-profile-pegdown-0.26.4.jar;C:\Users\shefaliy\.m2\repository\com\vladsch\flexmark\flexmark-util\0.26.4\flexmark-util-0.26.4.jar;C:\Users\shefaliy\.m2\repository\com\vladsch\flexmark\flexmark-youtrack-converter\0.26.4\flexmark-youtrack-converter-0.26.4.jar;C:\Users\shefaliy\.m2\repository\net\serenity-bdd\serenity-junit\1.9.7\serenity-junit-1.9.7.jar;C:\Users\shefaliy\.m2\repository\net\serenity-bdd\serenity-cucumber\1.9.4\serenity-cucumber-1.9.4.jar;C:\Users\shefaliy\.m2\repository\net\serenity-bdd\serenity-screenplay\1.9.4\serenity-screenplay-1.9.4.jar;C:\Users\shefaliy\.m2\repository\net\serenity-bdd\serenity-screenplay-webdriver\1.9.4\serenity-screenplay-webdriver-1.9.4.jar;C:\Users\shefaliy\.m2\repository\io\cucumber\cucumber-java\2.3.1\cucumber-java-2.3.1.jar;C:\Users\shefaliy\.m2\repository\io\cucumber\cucumber-junit\2.3.1\cucumber-junit-2.3.1.jar;C:\Users\shefaliy\.m2\repository\net\serenity-bdd\serenity-rest-assured\1.9.7\serenity-rest-assured-1.9.7.jar;C:\Users\shefaliy\.m2\repository\io\rest-assured\rest-assured\3.0.5\rest-assured-3.0.5.jar;C:\Users\shefaliy\.m2\repository\io\rest-assured\json-path\3.0.5\json-path-3.0.5.jar;C:\Users\shefaliy\.m2\repository\io\rest-assured\rest-assured-common\3.0.5\rest-assured-common-3.0.5.jar;C:\Users\shefaliy\.m2\repository\io\rest-assured\xml-path\3.0.5\xml-path-3.0.5.jar;C:\Users\shefaliy\.m2\repository\org\slf4j\slf4j-simple\1.7.25\slf4j-simple-1.7.25.jar;C:\Users\shefaliy\.m2\repository\junit\junit\4.12\junit-4.12.jar;C:\Users\shefaliy\.m2\repository\org\assertj\assertj-core\3.8.0\assertj-core-3.8.0.jar;C:\Users\shefaliy\.m2\repository\com\typesafe\config\1.3.3\config-1.3.3.jar;C:\Users\shefaliy\.m2\repository\javax\xml\bind\jaxb-api\2.3.0\jaxb-api-2.3.0.jar;C:\Users\shefaliy\.m2\repository\commons-configuration\commons-configuration\1.10\commons-configuration-1.10.jar;C:\Users\shefaliy\.m2\repository\commons-lang\commons-lang\2.6\commons-lang-2.6.jar;C:\Users\shefaliy\.m2\repository\com\jayway\restassured\rest-assured\2.9.0\rest-assured-2.9.0.jar;C:\Users\shefaliy\.m2\repository\org\codehaus\groovy\groovy-xml\2.4.4\groovy-xml-2.4.4.jar;C:\Users\shefaliy\.m2\repository\org\ccil\cowan\tagsoup\tagsoup\1.2.1\tagsoup-1.2.1.jar;C:\Users\shefaliy\.m2\repository\com\jayway\restassured\json-path\2.9.0\json-path-2.9.0.jar;C:\Users\shefaliy\.m2\repository\org\codehaus\groovy\groovy-json\2.4.4\groovy-json-2.4.4.jar;C:\Users\shefaliy\.m2\repository\com\jayway\restassured\rest-assured-common\2.9.0\rest-assured-common-2.9.0.jar;C:\Users\shefaliy\.m2\repository\com\jayway\restassured\xml-path\2.9.0\xml-path-2.9.0.jar;C:\Users\shefaliy\.m2\repository\jakarta\xml\bind\jakarta.xml.bind-api\2.3.2\jakarta.xml.bind-api-2.3.2.jar;C:\Users\shefaliy\.m2\repository\jakarta\activation\jakarta.activation-api\1.2.1\jakarta.activation-api-1.2.1.jar;"/>
    <property name="sun.cpu.endian" value="little"/>
    <property name="user.home" value="C:\Users\shefaliy"/>
    <property name="user.language" value="en"/>
    <property name="java.specification.vendor" value="Oracle Corporation"/>
    <property name="java.version.date" value="2020-01-14"/>
    <property name="java.home" value="C:\Program Files\Java\jdk-13.0.2"/>
    <property name="file.separator" value="\"/>
    <property name="basedir" value="C:\Users\shefaliy\Desktop\10FedAutomation5\10fed-automation"/>
    <property name="java.vm.compressedOopsMode" value="32-bit"/>
    <property name="line.separator" value="&#10;"/>
    <property name="java.vm.specification.vendor" value="Oracle Corporation"/>
    <property name="java.specification.name" value="Java Platform API Specification"/>
    <property name="surefire.real.class.path" value="C:\Users\shefaliy\AppData\Local\Temp\surefire14144607009142442956\surefirebooter5428713269892365734.jar"/>
    <property name="user.script" value=""/>
    <property name="sun.management.compiler" value="HotSpot 64-Bit Tiered Compilers"/>
    <property name="java.runtime.version" value="13.0.2+8"/>
    <property name="user.name" value="shefaliy"/>
    <property name="path.separator" value=";"/>
    <property name="os.version" value="10.0"/>
    <property name="java.runtime.name" value="Java(TM) SE Runtime Environment"/>
    <property name="file.encoding" value="Cp1252"/>
    <property name="java.vm.name" value="Java HotSpot(TM) 64-Bit Server VM"/>
    <property name="localRepository" value="C:\Users\shefaliy\.m2\repository"/>
    <property name="cucumber.options" value="--tags @func"/>
    <property name="java.vendor.url.bug" value="https://bugreport.java.com/bugreport/"/>
    <property name="java.io.tmpdir" value="C:\Users\shefaliy\AppData\Local\Temp\"/>
    <property name="java.version" value="13.0.2"/>
    <property name="user.dir" value="C:\Users\shefaliy\Desktop\10FedAutomation5\10fed-automation"/>
    <property name="os.arch" value="amd64"/>
    <property name="java.vm.specification.name" value="Java Virtual Machine Specification"/>
    <property name="env" value="test"/>
    <property name="sun.os.patch.level" value=""/>
    <property name="java.library.path" value="C:\Program Files\Java\jdk-13.0.2\bin;C:\Windows\Sun\Java\bin;C:\Windows\system32;C:\Windows;C:\Users\shefaliy\bin;C:\Program Files\Git\mingw64\bin;C:\Program Files\Git\usr\local\bin;C:\Program Files\Git\usr\bin;C:\Program Files\Git\usr\bin;C:\Program Files\Git\mingw64\bin;C:\Program Files\Git\usr\bin;C:\Users\shefaliy\bin;C:\Windows\system32;C:\Windows;C:\Windows\System32\Wbem;C:\Windows\System32\WindowsPowerShell\v1.0;C:\Program Files (x86)\Java\jre1.8.0_241\bin&quot;;C:\Windows\System32\OpenSSH;C:\Program Files (x86)\nodejs;C:\Program Files\dotnet;C:\Program Files\Microsoft SQL Server\130\Tools\Binn;C:\Program Files\Microsoft SQL Server\Client SDK\ODBC\170\Tools\Binn;C:\Program Files\PuTTY;C:\Program Files\apache-maven-3.6.3\bin;C:\Program Files\Java\jdk-13.0.2\bin;C:\Program Files\Git\cmd;C:\Users\shefaliy\AppData\Local\Microsoft\WindowsApps;C:\Users\shefaliy\AppData\Local\Programs\Microsoft VS Code\bin;C:\Program Files\Git\usr\bin\vendor_perl;C:\Program Files\Git\usr\bin\core_perl;."/>
    <property name="java.vm.info" value="mixed mode, sharing"/>
    <property name="java.vendor" value="Oracle Corporation"/>
    <property name="java.vm.version" value="13.0.2+8"/>
    <property name="sun.io.unicode.encoding" value="UnicodeLittle"/>
    <property name="java.class.version" value="57.0"/>
  </properties>
  <testcase name="To verify redirection on detailed view of manage kiosk page" classname="Functionality of  application" time="18.777"/>
  <testcase name="To verify the rediection of move in application after clicks on the manage and configure button" classname="Functionality of  application" time="17.396"/>
  <testcase name="To verify when user upload the content in Move-InApplication" classname="Functionality of  application" time="34.704"/>
  <testcase name="To check the functionality of pagination for amenties and icon page" classname="Functionality of  application" time="18.206"/>
  <testcase name="To check the functionality of delete ametity" classname="Functionality of  application" time="19.746">
    <error message="element click intercepted: Element &lt;em class=&quot;fa fa-trash cursor-pointer&quot; title=&quot;Delete&quot; action-type=&quot;delete&quot;&gt;&lt;/em&gt; is not clickable at point (1259, 1). Other element would receive the click: &lt;div class=&quot;kt-header__topbar-wrapper&quot; data-offset=&quot;10px,0px&quot; data-toggle=&quot;dropdown&quot;&gt;...&lt;/div&gt;&#10;  (Session info: chrome=81.0.4044.138)&#10;Build info: version: &apos;3.10.0&apos;, revision: &apos;176b4a9&apos;, time: &apos;2018-03-02T19:03:16.397Z&apos;&#10;System info: host: &apos;lapr055&apos;, ip: &apos;192.168.43.127&apos;, os.name: &apos;Windows 10&apos;, os.arch: &apos;amd64&apos;, os.version: &apos;10.0&apos;, java.version: &apos;13.0.2&apos;&#10;Driver info: org.openqa.selenium.remote.RemoteWebDriver&#10;Capabilities {acceptInsecureCerts: false, browserName: chrome, browserVersion: 81.0.4044.138, chrome: {chromedriverVersion: 81.0.4044.69 (6813546031a4b..., userDataDir: C:\Users\shefaliy\AppData\L...}, goog:chromeOptions: {debuggerAddress: localhost:57077}, javascriptEnabled: true, networkConnectionEnabled: false, pageLoadStrategy: normal, platform: WINDOWS, platformName: WINDOWS, proxy: Proxy(), setWindowRect: true, strictFileInteractability: false, timeouts: {implicit: 0, pageLoad: 300000, script: 30000}, unhandledPromptBehavior: dismiss and notify, webauthn:virtualAuthenticators: true}&#10;Session ID: 02c9b9f34eea68ab21818ca3c0bbb5ba" type="org.openqa.selenium.ElementClickInterceptedException"><![CDATA[org.openqa.selenium.ElementClickInterceptedException: 
element click intercepted: Element <em class="fa fa-trash cursor-pointer" title="Delete" action-type="delete"></em> is not clickable at point (1259, 1). Other element would receive the click: <div class="kt-header__topbar-wrapper" data-offset="10px,0px" data-toggle="dropdown">...</div>
  (Session info: chrome=81.0.4044.138)
Build info: version: '3.10.0', revision: '176b4a9', time: '2018-03-02T19:03:16.397Z'
System info: host: 'lapr055', ip: '192.168.43.127', os.name: 'Windows 10', os.arch: 'amd64', os.version: '10.0', java.version: '13.0.2'
Driver info: org.openqa.selenium.remote.RemoteWebDriver
Capabilities {acceptInsecureCerts: false, browserName: chrome, browserVersion: 81.0.4044.138, chrome: {chromedriverVersion: 81.0.4044.69 (6813546031a4b..., userDataDir: C:\Users\shefaliy\AppData\L...}, goog:chromeOptions: {debuggerAddress: localhost:57077}, javascriptEnabled: true, networkConnectionEnabled: false, pageLoadStrategy: normal, platform: WINDOWS, platformName: WINDOWS, proxy: Proxy(), setWindowRect: true, strictFileInteractability: false, timeouts: {implicit: 0, pageLoad: 300000, script: 30000}, unhandledPromptBehavior: dismiss and notify, webauthn:virtualAuthenticators: true}
Session ID: 02c9b9f34eea68ab21818ca3c0bbb5ba
]]></error>
    <system-err><![CDATA[[main] INFO net.serenitybdd.core.Serenity - 
        __    _____ _____ ____ _____   ____   _    ____  ____  _____ ____  
  _     \ \  |_   _| ____/ ___|_   _| |  _ \ / \  / ___|/ ___|| ____|  _ \ 
 (_)_____| |   | | |  _| \___ \ | |   | |_) / _ \ \___ \\___ \|  _| | | | |
  _|_____| |   | | | |___ ___) || |   |  __/ ___ \ ___) |___) | |___| |_| |
 (_)     | |   |_| |_____|____/ |_|   |_| /_/   \_\____/|____/|_____|____/ 
        /_/                                                                

TEST PASSED: To check the functionality of pagination for amenties and icon page
----------------------------------------------------------------------------
[main] INFO net.serenitybdd.core.Serenity - 
 _____ _____ ____ _____   ____ _____  _    ____ _____ _____ ____  
|_   _| ____/ ___|_   _| / ___|_   _|/ \  |  _ \_   _| ____|  _ \ 
  | | |  _| \___ \ | |   \___ \ | | / _ \ | |_) || | |  _| | | | |
  | | | |___ ___) || |    ___) || |/ ___ \|  _ < | | | |___| |_| |
  |_| |_____|____/ |_|   |____/ |_/_/   \_\_| \_\|_| |_____|____/ 
                                                                  

TEST STARTED: To check the functionality of delete ametity
-------------------------------------------------------------------(functionality-of--application;to-check-the-functionality-of-delete-ametity)
[main] INFO utilities.ConfigLoader - Running the tests against:test
[main] INFO utilities.ConfigLoader - Running the tests against:test
[main] INFO utilities.ConfigLoader - Running the tests against:test
[main] ERROR net.serenitybdd.core.Serenity - 
           __  _____ _____ ____ _____   _____ _    ___ _     _____ ____  
  _       / / |_   _| ____/ ___|_   _| |  ___/ \  |_ _| |   | ____|  _ \ 
 (_)_____| |    | | |  _| \___ \ | |   | |_ / _ \  | || |   |  _| | | | |
  _|_____| |    | | | |___ ___) || |   |  _/ ___ \ | || |___| |___| |_| |
 (_)     | |    |_| |_____|____/ |_|   |_|/_/   \_\___|_____|_____|____/ 
          \_\                                                            

TEST FAILED WITH ERROR: To check the functionality of delete ametity
---------------------------------------------------------------------
[main] ERROR net.serenitybdd.core.Serenity - TEST FAILED AT STEP And user clicks on the delete button of amenity
[main] ERROR net.serenitybdd.core.Serenity - element click intercepted: Element <em class="fa fa-trash cursor-pointer" title="Delete" action-type="delete"></em> is not clickable at point (1259, 1). Other element would receive the click: <div class="kt-header__topbar-wrapper" data-offset="10px,0px" data-toggle="dropdown">...</div>
]]></system-err>
  </testcase>
  <testcase name="To verify the functionality when the user clicks on the cancel button  of delete amity popup" classname="Functionality of  application" time="20.471">
    <error message="element click intercepted: Element &lt;em class=&quot;fa fa-trash cursor-pointer&quot; title=&quot;Delete&quot; action-type=&quot;delete&quot;&gt;&lt;/em&gt; is not clickable at point (1259, 1). Other element would receive the click: &lt;div class=&quot;kt-header__topbar-wrapper&quot; data-offset=&quot;10px,0px&quot; data-toggle=&quot;dropdown&quot;&gt;...&lt;/div&gt;&#10;  (Session info: chrome=81.0.4044.138)&#10;Build info: version: &apos;3.10.0&apos;, revision: &apos;176b4a9&apos;, time: &apos;2018-03-02T19:03:16.397Z&apos;&#10;System info: host: &apos;lapr055&apos;, ip: &apos;192.168.43.127&apos;, os.name: &apos;Windows 10&apos;, os.arch: &apos;amd64&apos;, os.version: &apos;10.0&apos;, java.version: &apos;13.0.2&apos;&#10;Driver info: org.openqa.selenium.remote.RemoteWebDriver&#10;Capabilities {acceptInsecureCerts: false, browserName: chrome, browserVersion: 81.0.4044.138, chrome: {chromedriverVersion: 81.0.4044.69 (6813546031a4b..., userDataDir: C:\Users\shefaliy\AppData\L...}, goog:chromeOptions: {debuggerAddress: localhost:57077}, javascriptEnabled: true, networkConnectionEnabled: false, pageLoadStrategy: normal, platform: WINDOWS, platformName: WINDOWS, proxy: Proxy(), setWindowRect: true, strictFileInteractability: false, timeouts: {implicit: 0, pageLoad: 300000, script: 30000}, unhandledPromptBehavior: dismiss and notify, webauthn:virtualAuthenticators: true}&#10;Session ID: 02c9b9f34eea68ab21818ca3c0bbb5ba" type="org.openqa.selenium.ElementClickInterceptedException"><![CDATA[org.openqa.selenium.ElementClickInterceptedException: 
element click intercepted: Element <em class="fa fa-trash cursor-pointer" title="Delete" action-type="delete"></em> is not clickable at point (1259, 1). Other element would receive the click: <div class="kt-header__topbar-wrapper" data-offset="10px,0px" data-toggle="dropdown">...</div>
  (Session info: chrome=81.0.4044.138)
Build info: version: '3.10.0', revision: '176b4a9', time: '2018-03-02T19:03:16.397Z'
System info: host: 'lapr055', ip: '192.168.43.127', os.name: 'Windows 10', os.arch: 'amd64', os.version: '10.0', java.version: '13.0.2'
Driver info: org.openqa.selenium.remote.RemoteWebDriver
Capabilities {acceptInsecureCerts: false, browserName: chrome, browserVersion: 81.0.4044.138, chrome: {chromedriverVersion: 81.0.4044.69 (6813546031a4b..., userDataDir: C:\Users\shefaliy\AppData\L...}, goog:chromeOptions: {debuggerAddress: localhost:57077}, javascriptEnabled: true, networkConnectionEnabled: false, pageLoadStrategy: normal, platform: WINDOWS, platformName: WINDOWS, proxy: Proxy(), setWindowRect: true, strictFileInteractability: false, timeouts: {implicit: 0, pageLoad: 300000, script: 30000}, unhandledPromptBehavior: dismiss and notify, webauthn:virtualAuthenticators: true}
Session ID: 02c9b9f34eea68ab21818ca3c0bbb5ba
]]></error>
    <system-err><![CDATA[[main] ERROR net.serenitybdd.core.Serenity - 
           __  _____ _____ ____ _____   _____ _    ___ _     _____ ____  
  _       / / |_   _| ____/ ___|_   _| |  ___/ \  |_ _| |   | ____|  _ \ 
 (_)_____| |    | | |  _| \___ \ | |   | |_ / _ \  | || |   |  _| | | | |
  _|_____| |    | | | |___ ___) || |   |  _/ ___ \ | || |___| |___| |_| |
 (_)     | |    |_| |_____|____/ |_|   |_|/_/   \_\___|_____|_____|____/ 
          \_\                                                            

TEST FAILED WITH ERROR: To check the functionality of delete ametity
---------------------------------------------------------------------
[main] ERROR net.serenitybdd.core.Serenity - TEST FAILED AT STEP And user clicks on the delete button of amenity
[main] ERROR net.serenitybdd.core.Serenity - element click intercepted: Element <em class="fa fa-trash cursor-pointer" title="Delete" action-type="delete"></em> is not clickable at point (1259, 1). Other element would receive the click: <div class="kt-header__topbar-wrapper" data-offset="10px,0px" data-toggle="dropdown">...</div>
[main] INFO net.serenitybdd.core.Serenity - 
 _____ _____ ____ _____   ____ _____  _    ____ _____ _____ ____  
|_   _| ____/ ___|_   _| / ___|_   _|/ \  |  _ \_   _| ____|  _ \ 
  | | |  _| \___ \ | |   \___ \ | | / _ \ | |_) || | |  _| | | | |
  | | | |___ ___) || |    ___) || |/ ___ \|  _ < | | | |___| |_| |
  |_| |_____|____/ |_|   |____/ |_/_/   \_\_| \_\|_| |_____|____/ 
                                                                  

TEST STARTED: To verify the functionality when the user clicks on the cancel button  of delete amity popup
-------------------------------------------------------------------(functionality-of--application;to-verify-the-functionality-when-the-user-clicks-on-the-cancel-button--of-delete-amity-popup)
[main] INFO utilities.ConfigLoader - Running the tests against:test
[1590048621.468][SEVERE]: Timed out receiving message from renderer: 0.100
[main] INFO utilities.ConfigLoader - Running the tests against:test
[main] INFO utilities.ConfigLoader - Running the tests against:test
[main] ERROR net.serenitybdd.core.Serenity - 
           __  _____ _____ ____ _____   _____ _    ___ _     _____ ____  
  _       / / |_   _| ____/ ___|_   _| |  ___/ \  |_ _| |   | ____|  _ \ 
 (_)_____| |    | | |  _| \___ \ | |   | |_ / _ \  | || |   |  _| | | | |
  _|_____| |    | | | |___ ___) || |   |  _/ ___ \ | || |___| |___| |_| |
 (_)     | |    |_| |_____|____/ |_|   |_|/_/   \_\___|_____|_____|____/ 
          \_\                                                            

TEST FAILED WITH ERROR: To verify the functionality when the user clicks on the cancel button  of delete amity popup
---------------------------------------------------------------------
[main] ERROR net.serenitybdd.core.Serenity - TEST FAILED AT STEP Then user click on the cancel button of delete amenity popup
[main] ERROR net.serenitybdd.core.Serenity - element click intercepted: Element <em class="fa fa-trash cursor-pointer" title="Delete" action-type="delete"></em> is not clickable at point (1259, 1). Other element would receive the click: <div class="kt-header__topbar-wrapper" data-offset="10px,0px" data-toggle="dropdown">...</div>
]]></system-err>
  </testcase>
  <testcase name="To verify the functionality when user clicks on the chechbox of Driving license number" classname="Functionality of  application" time="20"/>
  <testcase name="To verify the functionality checkbox of dropdown view" classname="Functionality of  application" time="19.767"/>
  <testcase name="To verify the functionality of enablity of toggle button and apply changes button" classname="Functionality of  application" time="14.533"/>
  <testcase name="To verify the validations on amenties and icon fields" classname="Functionality of  application" time="17.959">
    <error message="element click intercepted: Element &lt;button class=&quot;btn btn-primary&quot; type=&quot;submit&quot;&gt;...&lt;/button&gt; is not clickable at point (773, 428). Other element would receive the click: &lt;div class=&quot;block-ui-wrapper container-blockui-amenity-add block-ui-wrapper--element active&quot;&gt;...&lt;/div&gt;&#10;  (Session info: chrome=81.0.4044.138)&#10;Build info: version: &apos;3.10.0&apos;, revision: &apos;176b4a9&apos;, time: &apos;2018-03-02T19:03:16.397Z&apos;&#10;System info: host: &apos;lapr055&apos;, ip: &apos;192.168.43.127&apos;, os.name: &apos;Windows 10&apos;, os.arch: &apos;amd64&apos;, os.version: &apos;10.0&apos;, java.version: &apos;13.0.2&apos;&#10;Driver info: org.openqa.selenium.remote.RemoteWebDriver&#10;Capabilities {acceptInsecureCerts: false, browserName: chrome, browserVersion: 81.0.4044.138, chrome: {chromedriverVersion: 81.0.4044.69 (6813546031a4b..., userDataDir: C:\Users\shefaliy\AppData\L...}, goog:chromeOptions: {debuggerAddress: localhost:57077}, javascriptEnabled: true, networkConnectionEnabled: false, pageLoadStrategy: normal, platform: WINDOWS, platformName: WINDOWS, proxy: Proxy(), setWindowRect: true, strictFileInteractability: false, timeouts: {implicit: 0, pageLoad: 300000, script: 30000}, unhandledPromptBehavior: dismiss and notify, webauthn:virtualAuthenticators: true}&#10;Session ID: 02c9b9f34eea68ab21818ca3c0bbb5ba" type="org.openqa.selenium.ElementClickInterceptedException"><![CDATA[org.openqa.selenium.ElementClickInterceptedException: 
element click intercepted: Element <button class="btn btn-primary" type="submit">...</button> is not clickable at point (773, 428). Other element would receive the click: <div class="block-ui-wrapper container-blockui-amenity-add block-ui-wrapper--element active">...</div>
  (Session info: chrome=81.0.4044.138)
Build info: version: '3.10.0', revision: '176b4a9', time: '2018-03-02T19:03:16.397Z'
System info: host: 'lapr055', ip: '192.168.43.127', os.name: 'Windows 10', os.arch: 'amd64', os.version: '10.0', java.version: '13.0.2'
Driver info: org.openqa.selenium.remote.RemoteWebDriver
Capabilities {acceptInsecureCerts: false, browserName: chrome, browserVersion: 81.0.4044.138, chrome: {chromedriverVersion: 81.0.4044.69 (6813546031a4b..., userDataDir: C:\Users\shefaliy\AppData\L...}, goog:chromeOptions: {debuggerAddress: localhost:57077}, javascriptEnabled: true, networkConnectionEnabled: false, pageLoadStrategy: normal, platform: WINDOWS, platformName: WINDOWS, proxy: Proxy(), setWindowRect: true, strictFileInteractability: false, timeouts: {implicit: 0, pageLoad: 300000, script: 30000}, unhandledPromptBehavior: dismiss and notify, webauthn:virtualAuthenticators: true}
Session ID: 02c9b9f34eea68ab21818ca3c0bbb5ba
]]></error>
    <system-err><![CDATA[[main] INFO net.serenitybdd.core.Serenity - 
        __    _____ _____ ____ _____   ____   _    ____  ____  _____ ____  
  _     \ \  |_   _| ____/ ___|_   _| |  _ \ / \  / ___|/ ___|| ____|  _ \ 
 (_)_____| |   | | |  _| \___ \ | |   | |_) / _ \ \___ \\___ \|  _| | | | |
  _|_____| |   | | | |___ ___) || |   |  __/ ___ \ ___) |___) | |___| |_| |
 (_)     | |   |_| |_____|____/ |_|   |_| /_/   \_\____/|____/|_____|____/ 
        /_/                                                                

TEST PASSED: To verify the functionality of enablity of toggle button and apply changes button
----------------------------------------------------------------------------
[main] INFO net.serenitybdd.core.Serenity - 
 _____ _____ ____ _____   ____ _____  _    ____ _____ _____ ____  
|_   _| ____/ ___|_   _| / ___|_   _|/ \  |  _ \_   _| ____|  _ \ 
  | | |  _| \___ \ | |   \___ \ | | / _ \ | |_) || | |  _| | | | |
  | | | |___ ___) || |    ___) || |/ ___ \|  _ < | | | |___| |_| |
  |_| |_____|____/ |_|   |____/ |_/_/   \_\_| \_\|_| |_____|____/ 
                                                                  

TEST STARTED: To verify the validations on amenties and icon fields
-------------------------------------------------------------------(functionality-of--application;to-verify-the-validations-on-amenties-and-icon-fields)
[main] INFO utilities.ConfigLoader - Running the tests against:test
[main] INFO utilities.ConfigLoader - Running the tests against:test
[main] INFO utilities.ConfigLoader - Running the tests against:test
[main] ERROR net.serenitybdd.core.Serenity - 
           __  _____ _____ ____ _____   _____ _    ___ _     _____ ____  
  _       / / |_   _| ____/ ___|_   _| |  ___/ \  |_ _| |   | ____|  _ \ 
 (_)_____| |    | | |  _| \___ \ | |   | |_ / _ \  | || |   |  _| | | | |
  _|_____| |    | | | |___ ___) || |   |  _/ ___ \ | || |___| |___| |_| |
 (_)     | |    |_| |_____|____/ |_|   |_|/_/   \_\___|_____|_____|____/ 
          \_\                                                            

TEST FAILED WITH ERROR: To verify the validations on amenties and icon fields
---------------------------------------------------------------------
[main] ERROR net.serenitybdd.core.Serenity - TEST FAILED AT STEP And use clicks on the Add button
[main] ERROR net.serenitybdd.core.Serenity - element click intercepted: Element <button class="btn btn-primary" type="submit">...</button> is not clickable at point (773, 428). Other element would receive the click: <div class="block-ui-wrapper container-blockui-amenity-add block-ui-wrapper--element active">...</div>
]]></system-err>
  </testcase>
</testsuite>